<?xml version="1.0" encoding="UTF-8"?>
<coverage generated="1585862268112" clover="3.2.0">
  <project timestamp="1585862268112" name="All files">
    <metrics statements="20" coveredstatements="13" conditionals="5" coveredconditionals="0" methods="7" coveredmethods="4" elements="32" coveredelements="17" complexity="0" loc="20" ncloc="20" packages="1" files="5" classes="5"/>
    <file name="App.js" path="/Users/wenxuanhe/Desktop/React/react-counter-redux/src/App.js">
      <metrics statements="5" coveredstatements="5" conditionals="0" coveredconditionals="0" methods="3" coveredmethods="3"/>
      <line num="12" count="1" type="stmt"/>
      <line num="18" count="2" type="stmt"/>
      <line num="20" count="2" type="stmt"/>
      <line num="35" count="2" type="stmt"/>
      <line num="38" count="1" type="stmt"/>
    </file>
    <file name="constant.js" path="/Users/wenxuanhe/Desktop/React/react-counter-redux/src/constant.js">
      <metrics statements="2" coveredstatements="2" conditionals="0" coveredconditionals="0" methods="0" coveredmethods="0"/>
      <line num="1" count="1" type="stmt"/>
      <line num="2" count="1" type="stmt"/>
    </file>
    <file name="index.js" path="/Users/wenxuanhe/Desktop/React/react-counter-redux/src/index.js">
      <metrics statements="3" coveredstatements="0" conditionals="0" coveredconditionals="0" methods="0" coveredmethods="0"/>
      <line num="9" count="0" type="stmt"/>
      <line num="10" count="0" type="stmt"/>
      <line num="11" count="0" type="stmt"/>
    </file>
    <file name="model.js" path="/Users/wenxuanhe/Desktop/React/react-counter-redux/src/model.js">
      <metrics statements="9" coveredstatements="5" conditionals="5" coveredconditionals="0" methods="3" coveredmethods="0"/>
      <line num="3" count="1" type="stmt"/>
      <line num="7" count="1" type="stmt"/>
      <line num="11" count="1" type="stmt"/>
      <line num="16" count="1" type="stmt"/>
      <line num="20" count="1" type="cond" truecount="0" falsecount="2"/>
      <line num="21" count="0" type="cond" truecount="0" falsecount="3"/>
      <line num="23" count="0" type="stmt"/>
      <line num="29" count="0" type="stmt"/>
      <line num="34" count="0" type="stmt"/>
    </file>
    <file name="selector.js" path="/Users/wenxuanhe/Desktop/React/react-counter-redux/src/selector.js">
      <metrics statements="1" coveredstatements="1" conditionals="0" coveredconditionals="0" methods="1" coveredmethods="1"/>
      <line num="1" count="2" type="stmt"/>
    </file>
  </project>
</coverage>
