{"/Users/wenxuanhe/Desktop/React/react-counter-redux/src/App.js": {"path":"/Users/wenxuanhe/Desktop/React/react-counter-redux/src/App.js","statementMap":{"0":{"start":{"line":12,"column":21},"end":{"line":15,"column":3}},"1":{"start":{"line":18,"column":31},"end":{"line":18,"column":41}},"2":{"start":{"line":20,"column":4},"end":{"line":31,"column":6}},"3":{"start":{"line":35,"column":31},"end":{"line":37,"column":2}},"4":{"start":{"line":35,"column":41},"end":{"line":37,"column":1}},"5":{"start":{"line":38,"column":27},"end":{"line":40,"column":2}},"6":{"start":{"line":38,"column":40},"end":{"line":40,"column":1}}},"fnMap":{"0":{"name":"(anonymous_0)","decl":{"start":{"line":17,"column":2},"end":{"line":17,"column":3}},"loc":{"start":{"line":17,"column":11},"end":{"line":32,"column":3}},"line":17},"1":{"name":"(anonymous_1)","decl":{"start":{"line":35,"column":31},"end":{"line":35,"column":32}},"loc":{"start":{"line":35,"column":41},"end":{"line":37,"column":1}},"line":35},"2":{"name":"(anonymous_2)","decl":{"start":{"line":38,"column":27},"end":{"line":38,"column":28}},"loc":{"start":{"line":38,"column":40},"end":{"line":40,"column":1}},"line":38}},"branchMap":{},"s":{"0":1,"1":2,"2":2,"3":1,"4":2,"5":1,"6":1},"f":{"0":2,"1":2,"2":1},"b":{},"_coverageSchema":"43e27e138ebf9cfc5966b082cf9a028302ed4184","hash":"91920ec55a3f4c6c9bb6bfdfd4773832e4d4b28a"}
,"/Users/wenxuanhe/Desktop/React/react-counter-redux/src/constant.js": {"path":"/Users/wenxuanhe/Desktop/React/react-counter-redux/src/constant.js","statementMap":{"0":{"start":{"line":1,"column":20},"end":{"line":1,"column":33}},"1":{"start":{"line":2,"column":25},"end":{"line":2,"column":43}}},"fnMap":{},"branchMap":{},"s":{"0":1,"1":1},"f":{},"b":{},"_coverageSchema":"43e27e138ebf9cfc5966b082cf9a028302ed4184","hash":"438c0f56ab1c108a1d0f578399ac61979708b0ce"}
,"/Users/wenxuanhe/Desktop/React/react-counter-redux/src/index.js": {"path":"/Users/wenxuanhe/Desktop/React/react-counter-redux/src/index.js","statementMap":{"0":{"start":{"line":9,"column":20},"end":{"line":9,"column":51}},"1":{"start":{"line":10,"column":14},"end":{"line":10,"column":34}},"2":{"start":{"line":11,"column":0},"end":{"line":16,"column":2}}},"fnMap":{},"branchMap":{},"s":{"0":0,"1":0,"2":0},"f":{},"b":{},"hash":"42f1279e7cd73015cbf914a45a490567d1d74f0e"}
,"/Users/wenxuanhe/Desktop/React/react-counter-redux/src/model.js": {"path":"/Users/wenxuanhe/Desktop/React/react-counter-redux/src/model.js","statementMap":{"0":{"start":{"line":3,"column":19},"end":{"line":5,"column":2}},"1":{"start":{"line":3,"column":26},"end":{"line":5,"column":1}},"2":{"start":{"line":7,"column":24},"end":{"line":9,"column":2}},"3":{"start":{"line":7,"column":31},"end":{"line":9,"column":1}},"4":{"start":{"line":11,"column":23},"end":{"line":14,"column":1}},"5":{"start":{"line":16,"column":21},"end":{"line":18,"column":1}},"6":{"start":{"line":20,"column":16},"end":{"line":36,"column":1}},"7":{"start":{"line":21,"column":2},"end":{"line":35,"column":3}},"8":{"start":{"line":23,"column":6},"end":{"line":26,"column":8}},"9":{"start":{"line":29,"column":6},"end":{"line":32,"column":8}},"10":{"start":{"line":34,"column":6},"end":{"line":34,"column":26}}},"fnMap":{"0":{"name":"(anonymous_0)","decl":{"start":{"line":3,"column":19},"end":{"line":3,"column":20}},"loc":{"start":{"line":3,"column":26},"end":{"line":5,"column":1}},"line":3},"1":{"name":"(anonymous_1)","decl":{"start":{"line":7,"column":24},"end":{"line":7,"column":25}},"loc":{"start":{"line":7,"column":31},"end":{"line":9,"column":1}},"line":7},"2":{"name":"(anonymous_2)","decl":{"start":{"line":20,"column":16},"end":{"line":20,"column":17}},"loc":{"start":{"line":20,"column":55},"end":{"line":36,"column":1}},"line":20}},"branchMap":{"0":{"loc":{"start":{"line":20,"column":17},"end":{"line":20,"column":37}},"type":"default-arg","locations":[{"start":{"line":20,"column":25},"end":{"line":20,"column":37}}],"line":20},"1":{"loc":{"start":{"line":20,"column":39},"end":{"line":20,"column":50}},"type":"default-arg","locations":[{"start":{"line":20,"column":48},"end":{"line":20,"column":50}}],"line":20},"2":{"loc":{"start":{"line":21,"column":2},"end":{"line":35,"column":3}},"type":"switch","locations":[{"start":{"line":22,"column":4},"end":{"line":26,"column":8}},{"start":{"line":28,"column":4},"end":{"line":32,"column":8}},{"start":{"line":33,"column":4},"end":{"line":34,"column":26}}],"line":21}},"s":{"0":1,"1":0,"2":1,"3":0,"4":1,"5":1,"6":1,"7":0,"8":0,"9":0,"10":0},"f":{"0":0,"1":0,"2":0},"b":{"0":[0],"1":[0],"2":[0,0,0]},"_coverageSchema":"43e27e138ebf9cfc5966b082cf9a028302ed4184","hash":"f049c4b6e2870a51968ed73d8148d10272ac2e8c"}
,"/Users/wenxuanhe/Desktop/React/react-counter-redux/src/selector.js": {"path":"/Users/wenxuanhe/Desktop/React/react-counter-redux/src/selector.js","statementMap":{"0":{"start":{"line":1,"column":24},"end":{"line":1,"column":44}},"1":{"start":{"line":1,"column":33},"end":{"line":1,"column":44}}},"fnMap":{"0":{"name":"(anonymous_0)","decl":{"start":{"line":1,"column":24},"end":{"line":1,"column":25}},"loc":{"start":{"line":1,"column":33},"end":{"line":1,"column":44}},"line":1}},"branchMap":{},"s":{"0":1,"1":2},"f":{"0":2},"b":{},"_coverageSchema":"43e27e138ebf9cfc5966b082cf9a028302ed4184","hash":"f91b30e73ff2ee7905f11b212a39aeec004906be"}
}
