TN:
SF:/Users/wenxuanhe/Desktop/React/react-counter-redux/src/App.js
FN:17,(anonymous_0)
FN:35,(anonymous_1)
FN:38,(anonymous_2)
FNF:3
FNH:3
FNDA:2,(anonymous_0)
FNDA:2,(anonymous_1)
FNDA:1,(anonymous_2)
DA:12,1
DA:18,2
DA:20,2
DA:35,2
DA:38,1
LF:5
LH:5
BRF:0
BRH:0
end_of_record
TN:
SF:/Users/wenxuanhe/Desktop/React/react-counter-redux/src/constant.js
FNF:0
FNH:0
DA:1,1
DA:2,1
LF:2
LH:2
BRF:0
BRH:0
end_of_record
TN:
SF:/Users/wenxuanhe/Desktop/React/react-counter-redux/src/index.js
FNF:0
FNH:0
DA:9,0
DA:10,0
DA:11,0
LF:3
LH:0
BRF:0
BRH:0
end_of_record
TN:
SF:/Users/wenxuanhe/Desktop/React/react-counter-redux/src/model.js
FN:3,(anonymous_0)
FN:7,(anonymous_1)
FN:20,(anonymous_2)
FNF:3
FNH:0
FNDA:0,(anonymous_0)
FNDA:0,(anonymous_1)
FNDA:0,(anonymous_2)
DA:3,1
DA:7,1
DA:11,1
DA:16,1
DA:20,1
DA:21,0
DA:23,0
DA:29,0
DA:34,0
LF:9
LH:5
BRDA:20,0,0,0
BRDA:20,1,0,0
BRDA:21,2,0,0
BRDA:21,2,1,0
BRDA:21,2,2,0
BRF:5
BRH:0
end_of_record
TN:
SF:/Users/wenxuanhe/Desktop/React/react-counter-redux/src/selector.js
FN:1,(anonymous_0)
FNF:1
FNH:1
FNDA:2,(anonymous_0)
DA:1,2
LF:1
LH:1
BRF:0
BRH:0
end_of_record
